=======================================================
  HPL Result Summary
=======================================================
  Job ID         : 333
  Compiler       : INTEL
  Phase          : run
  Binary Status  : ✔ Already Built
  Build Status   : ✔ SUCCESS
  Log            : /home/kaveripk/Caribou/results/hpl/333/run.out
───────────────────────────────────────────────────────
  Iteration 1 (threads=1)
  Metric               Value
  ───────────────────────────
  N                    16000
  NB                     128
  P                        2
  Q                        2
  time               22.0200
  gflops            124.0100
  status            ✔ PASSED
  ───────────────────────────
  Iteration 2 (threads=1)
  Metric               Value
  ───────────────────────────
  N                    16000
  NB                     128
  P                        2
  Q                        2
  time               23.4200
  gflops            116.6000
  status            ✔ PASSED
  ───────────────────────────
  Iteration 1 (threads=2)
  Metric               Value
  ───────────────────────────
  N                    16000
  NB                     128
  P                        2
  Q                        2
  time               25.5400
  gflops            106.9300
  status            ✔ PASSED
  ───────────────────────────
  Iteration 2 (threads=2)
  Metric               Value
  ───────────────────────────
  N                    16000
  NB                     128
  P                        2
  Q                        2
  time               26.5600
  gflops            102.8100
  status            ✔ PASSED
  ───────────────────────────
  Iteration 1 (threads=4)
  Metric               Value
  ───────────────────────────
  N                    16000
  NB                     128
  P                        2
  Q                        2
  time               27.0100
  gflops            101.1100
  status            ✔ PASSED
  ───────────────────────────
  Iteration 2 (threads=4)
  Metric               Value
  ───────────────────────────
  N                    16000
  NB                     128
  P                        2
  Q                        2
  time               29.9900
  gflops             91.0700
  status            ✔ PASSED
  ───────────────────────────
  Iteration 1 (threads=8)
  Metric               Value
  ───────────────────────────
  N                    16000
  NB                     128
  P                        2
  Q                        2
  time               27.6000
  gflops             98.9660
  status            ✔ PASSED
  ───────────────────────────
  Iteration 2 (threads=8)
  Metric               Value
  ───────────────────────────
  N                    16000
  NB                     128
  P                        2
  Q                        2
  time               27.8900
  gflops             97.9360
  status            ✔ PASSED
  ───────────────────────────
=======================================================
