=======================================================
  STREAM Job Report
=======================================================
  Job ID         : 341
  Threads        : 1
  Phase          : run
  Binary Status  : ✔ Already Built
  Build Status   : ✔ SUCCESS
  Log            : /home/kaveripk/Caribou/results/stream/341/run.out
───────────────────────────────────────────────────────
  Iteration 1 (threads=1)
  Kernel         Bandwidth (MB/s)
  ────────────────────────────────
  Copy                   39675.30
  Scale                  19492.60
  Add                    22517.50
  Triad                  22487.90
  ────────────────────────────────
  Iteration 2 (threads=1)
  Kernel         Bandwidth (MB/s)
  ────────────────────────────────
  Copy                   39667.70
  Scale                  19706.90
  Add                    22593.80
  Triad                  22957.70
  ────────────────────────────────
=======================================================
