=======================================================
  STREAM Job Report
=======================================================
  Job ID         : 317
  Threads        : 1
  Phase          : run
  Binary Status  : ✔ Already Built
  Build Status   : ✔ SUCCESS
  Log            : /home/kaveripk/Caribou/results/stream/317/run.out
───────────────────────────────────────────────────────
  Iteration 1 (threads=1)
  Kernel         Bandwidth (MB/s)
  ────────────────────────────────
  Copy                   40401.50
  Scale                  20013.40
  Add                    23941.10
  Triad                  23919.80
  ────────────────────────────────
  Iteration 2 (threads=1)
  Kernel         Bandwidth (MB/s)
  ────────────────────────────────
  Copy                   40765.60
  Scale                  20224.30
  Add                    24070.40
  Triad                  24022.60
  ────────────────────────────────
=======================================================
