Job started at Fri Apr 24 05:19:41 UTC 2026 on DESKTOP-O1R3PVH
--- threads=1 iteration=1 ---
-------------------------------------------------------------
STREAM version $Revision: 5.10 $
-------------------------------------------------------------
This system uses 8 bytes per array element.
-------------------------------------------------------------
Array size = 80000000 (elements), Offset = 0 (elements)
Memory per array = 610.4 MiB (= 0.6 GiB).
Total memory required = 1831.1 MiB (= 1.8 GiB).
Each kernel will be executed 20 times.
 The *best* time for each kernel (excluding the first iteration)
 will be used to compute the reported bandwidth.
-------------------------------------------------------------
Number of Threads requested = 1
Number of Threads counted = 1
-------------------------------------------------------------
Your clock granularity/precision appears to be 1 microseconds.
Each test below will take on the order of 45164 microseconds.
   (= 45164 clock ticks)
Increase the size of the arrays if this shows that
you are not getting at least 20 clock ticks per test.
-------------------------------------------------------------
WARNING -- The above is only a rough guideline.
For best results, please be sure you know the
precision of your system timer.
-------------------------------------------------------------
Function    Best Rate MB/s  Avg time     Min time     Max time
Copy:           37628.1     0.034917     0.034017     0.036970
Scale:          18074.2     0.072179     0.070819     0.074435
Add:            21249.3     0.092846     0.090356     0.096752
Triad:          21398.5     0.092739     0.089726     0.096351
-------------------------------------------------------------
Solution Validates: avg error less than 1.000000e-13 on all three arrays
-------------------------------------------------------------
--- threads=1 iteration=2 ---
-------------------------------------------------------------
STREAM version $Revision: 5.10 $
-------------------------------------------------------------
This system uses 8 bytes per array element.
-------------------------------------------------------------
Array size = 80000000 (elements), Offset = 0 (elements)
Memory per array = 610.4 MiB (= 0.6 GiB).
Total memory required = 1831.1 MiB (= 1.8 GiB).
Each kernel will be executed 20 times.
 The *best* time for each kernel (excluding the first iteration)
 will be used to compute the reported bandwidth.
-------------------------------------------------------------
Number of Threads requested = 1
Number of Threads counted = 1
-------------------------------------------------------------
Your clock granularity/precision appears to be 1 microseconds.
Each test below will take on the order of 48373 microseconds.
   (= 48373 clock ticks)
Increase the size of the arrays if this shows that
you are not getting at least 20 clock ticks per test.
-------------------------------------------------------------
WARNING -- The above is only a rough guideline.
For best results, please be sure you know the
precision of your system timer.
-------------------------------------------------------------
Function    Best Rate MB/s  Avg time     Min time     Max time
Copy:           37319.0     0.036131     0.034299     0.039317
Scale:          18059.4     0.075422     0.070877     0.084060
Add:            21089.7     0.094689     0.091040     0.104929
Triad:          21181.3     0.094000     0.090646     0.101688
-------------------------------------------------------------
Solution Validates: avg error less than 1.000000e-13 on all three arrays
-------------------------------------------------------------
Job finished at Fri Apr 24 05:19:55 UTC 2026
