=======================================================
  STREAM Job Report
=======================================================
  Job ID         : 323
  Threads        : 1
  Phase          : run
  Binary Status  : ✔ Already Built
  Build Status   : ✔ SUCCESS
  Log            : /home/kaveripk/Caribou/results/stream/323/run.out
───────────────────────────────────────────────────────
  Iteration 1 (threads=1)
  Kernel         Bandwidth (MB/s)
  ────────────────────────────────
  Copy                   39310.80
  Scale                  19088.00
  Add                    22443.00
  Triad                  22726.70
  ────────────────────────────────
  Iteration 2 (threads=1)
  Kernel         Bandwidth (MB/s)
  ────────────────────────────────
  Copy                   40087.70
  Scale                  19285.30
  Add                    22385.20
  Triad                  22495.30
  ────────────────────────────────
=======================================================
