Job started at Sun Apr 26 10:47:28 UTC 2026 on DESKTOP-O1R3PVH
--- threads=1 iteration=1 ---
-------------------------------------------------------------
STREAM version $Revision: 5.10 $
-------------------------------------------------------------
This system uses 8 bytes per array element.
-------------------------------------------------------------
Array size = 80000000 (elements), Offset = 0 (elements)
Memory per array = 610.4 MiB (= 0.6 GiB).
Total memory required = 1831.1 MiB (= 1.8 GiB).
Each kernel will be executed 20 times.
 The *best* time for each kernel (excluding the first iteration)
 will be used to compute the reported bandwidth.
-------------------------------------------------------------
Number of Threads requested = 1
Number of Threads counted = 1
-------------------------------------------------------------
Your clock granularity/precision appears to be 1 microseconds.
Each test below will take on the order of 44051 microseconds.
   (= 44051 clock ticks)
Increase the size of the arrays if this shows that
you are not getting at least 20 clock ticks per test.
-------------------------------------------------------------
WARNING -- The above is only a rough guideline.
For best results, please be sure you know the
precision of your system timer.
-------------------------------------------------------------
Function    Best Rate MB/s  Avg time     Min time     Max time
Copy:           40264.2     0.032752     0.031790     0.036062
Scale:          19998.4     0.066490     0.064005     0.084601
Add:            23829.6     0.083793     0.080572     0.098830
Triad:          23882.4     0.083469     0.080394     0.107858
-------------------------------------------------------------
Solution Validates: avg error less than 1.000000e-13 on all three arrays
-------------------------------------------------------------
--- threads=1 iteration=2 ---
-------------------------------------------------------------
STREAM version $Revision: 5.10 $
-------------------------------------------------------------
This system uses 8 bytes per array element.
-------------------------------------------------------------
Array size = 80000000 (elements), Offset = 0 (elements)
Memory per array = 610.4 MiB (= 0.6 GiB).
Total memory required = 1831.1 MiB (= 1.8 GiB).
Each kernel will be executed 20 times.
 The *best* time for each kernel (excluding the first iteration)
 will be used to compute the reported bandwidth.
-------------------------------------------------------------
Number of Threads requested = 1
Number of Threads counted = 1
-------------------------------------------------------------
Your clock granularity/precision appears to be 1 microseconds.
Each test below will take on the order of 41492 microseconds.
   (= 41492 clock ticks)
Increase the size of the arrays if this shows that
you are not getting at least 20 clock ticks per test.
-------------------------------------------------------------
WARNING -- The above is only a rough guideline.
For best results, please be sure you know the
precision of your system timer.
-------------------------------------------------------------
Function    Best Rate MB/s  Avg time     Min time     Max time
Copy:           40369.6     0.032663     0.031707     0.037526
Scale:          20009.4     0.065382     0.063970     0.070235
Add:            23869.3     0.082487     0.080438     0.089337
Triad:          23760.3     0.083994     0.080807     0.108326
-------------------------------------------------------------
Solution Validates: avg error less than 1.000000e-13 on all three arrays
-------------------------------------------------------------
Job finished at Sun Apr 26 10:47:40 UTC 2026
