=======================================================
  STREAM Job Report
=======================================================
  Job ID         : 327
  Threads        : 1
  Phase          : run
  Binary Status  : ✔ Already Built
  Build Status   : ✔ SUCCESS
  Log            : /home/kaveripk/Caribou/results/stream/327/run.out
───────────────────────────────────────────────────────
  Iteration 1 (threads=1)
  Kernel         Bandwidth (MB/s)
  ────────────────────────────────
  Copy                   38486.70
  Scale                  18559.30
  Add                    21963.40
  Triad                  21920.80
  ────────────────────────────────
  Iteration 2 (threads=1)
  Kernel         Bandwidth (MB/s)
  ────────────────────────────────
  Copy                   37801.40
  Scale                  18746.90
  Add                    21870.40
  Triad                  21808.30
  ────────────────────────────────
=======================================================
