=======================================================
  HPL Result Summary
=======================================================
  Job ID         : 326
  Compiler       : INTEL
  Phase          : run
  Binary Status  : ✔ Already Built
  Build Status   : ✔ SUCCESS
  Log            : /home/kaveripk/Caribou/results/hpl/326/run.out
───────────────────────────────────────────────────────
  Iteration 1 (threads=1)
  Metric               Value
  ───────────────────────────
  N                    16000
  NB                     128
  P                        2
  Q                        2
  time               23.2000
  gflops            117.6900
  status            ✔ PASSED
  ───────────────────────────
  Iteration 2 (threads=1)
  Metric               Value
  ───────────────────────────
  N                    16000
  NB                     128
  P                        2
  Q                        2
  time               28.4000
  gflops             96.1600
  status            ✔ PASSED
  ───────────────────────────
  Iteration 1 (threads=2)
  Metric               Value
  ───────────────────────────
  N                    16000
  NB                     128
  P                        2
  Q                        2
  time               27.9300
  gflops             97.7650
  status            ✔ PASSED
  ───────────────────────────
  Iteration 2 (threads=2)
  Metric               Value
  ───────────────────────────
  N                    16000
  NB                     128
  P                        2
  Q                        2
  time               28.6000
  gflops             95.5060
  status            ✔ PASSED
  ───────────────────────────
  Iteration 1 (threads=4)
  Metric               Value
  ───────────────────────────
  N                    16000
  NB                     128
  P                        2
  Q                        2
  time               27.9800
  gflops             97.6150
  status            ✔ PASSED
  ───────────────────────────
  Iteration 2 (threads=4)
  Metric               Value
  ───────────────────────────
  N                    16000
  NB                     128
  P                        2
  Q                        2
  time               28.0700
  gflops             97.3000
  status            ✔ PASSED
  ───────────────────────────
  Iteration 1 (threads=8)
  Metric               Value
  ───────────────────────────
  N                    16000
  NB                     128
  P                        2
  Q                        2
  time               27.9900
  gflops             97.5550
  status            ✔ PASSED
  ───────────────────────────
  Iteration 2 (threads=8)
  Metric               Value
  ───────────────────────────
  N                    16000
  NB                     128
  P                        2
  Q                        2
  time               28.1500
  gflops             97.0070
  status            ✔ PASSED
  ───────────────────────────
=======================================================
