Job started at Mon Apr 27 03:25:21 UTC 2026 on DESKTOP-O1R3PVH
--- threads=1 iteration=1 ---
-------------------------------------------------------------
STREAM version $Revision: 5.10 $
-------------------------------------------------------------
This system uses 8 bytes per array element.
-------------------------------------------------------------
Array size = 80000000 (elements), Offset = 0 (elements)
Memory per array = 610.4 MiB (= 0.6 GiB).
Total memory required = 1831.1 MiB (= 1.8 GiB).
Each kernel will be executed 20 times.
 The *best* time for each kernel (excluding the first iteration)
 will be used to compute the reported bandwidth.
-------------------------------------------------------------
Number of Threads requested = 1
Number of Threads counted = 1
-------------------------------------------------------------
Your clock granularity/precision appears to be 1 microseconds.
Each test below will take on the order of 45058 microseconds.
   (= 45058 clock ticks)
Increase the size of the arrays if this shows that
you are not getting at least 20 clock ticks per test.
-------------------------------------------------------------
WARNING -- The above is only a rough guideline.
For best results, please be sure you know the
precision of your system timer.
-------------------------------------------------------------
Function    Best Rate MB/s  Avg time     Min time     Max time
Copy:           40206.3     0.035508     0.031836     0.046223
Scale:          20016.9     0.070948     0.063946     0.090807
Add:            23740.6     0.087792     0.080874     0.105540
Triad:          23784.4     0.086239     0.080725     0.096309
-------------------------------------------------------------
Solution Validates: avg error less than 1.000000e-13 on all three arrays
-------------------------------------------------------------
--- threads=1 iteration=2 ---
-------------------------------------------------------------
STREAM version $Revision: 5.10 $
-------------------------------------------------------------
This system uses 8 bytes per array element.
-------------------------------------------------------------
Array size = 80000000 (elements), Offset = 0 (elements)
Memory per array = 610.4 MiB (= 0.6 GiB).
Total memory required = 1831.1 MiB (= 1.8 GiB).
Each kernel will be executed 20 times.
 The *best* time for each kernel (excluding the first iteration)
 will be used to compute the reported bandwidth.
-------------------------------------------------------------
Number of Threads requested = 1
Number of Threads counted = 1
-------------------------------------------------------------
Your clock granularity/precision appears to be 1 microseconds.
Each test below will take on the order of 69566 microseconds.
   (= 69566 clock ticks)
Increase the size of the arrays if this shows that
you are not getting at least 20 clock ticks per test.
-------------------------------------------------------------
WARNING -- The above is only a rough guideline.
For best results, please be sure you know the
precision of your system timer.
-------------------------------------------------------------
Function    Best Rate MB/s  Avg time     Min time     Max time
Copy:           40883.0     0.036584     0.031309     0.048798
Scale:          20192.5     0.074167     0.063390     0.111233
Add:            24046.5     0.091640     0.079845     0.141071
Triad:          24010.8     0.089935     0.079964     0.110150
-------------------------------------------------------------
Solution Validates: avg error less than 1.000000e-13 on all three arrays
-------------------------------------------------------------
Job finished at Mon Apr 27 03:25:34 UTC 2026
