=======================================================
  STREAM Job Report
=======================================================
  Job ID         : 336
  Threads        : 1
  Phase          : run
  Binary Status  : ✔ Already Built
  Build Status   : ✔ SUCCESS
  Log            : /home/kaveripk/Caribou/results/stream/336/run.out
───────────────────────────────────────────────────────
  Iteration 1 (threads=1)
  Kernel         Bandwidth (MB/s)
  ────────────────────────────────
  Copy                   40206.30
  Scale                  20016.90
  Add                    23740.60
  Triad                  23784.40
  ────────────────────────────────
  Iteration 2 (threads=1)
  Kernel         Bandwidth (MB/s)
  ────────────────────────────────
  Copy                   40883.00
  Scale                  20192.50
  Add                    24046.50
  Triad                  24010.80
  ────────────────────────────────
=======================================================
