=======================================================
  HPL Result Summary
=======================================================
  Job ID         : 329
  Compiler       : AOCC
  Phase          : run
  Binary Status  : ✔ Already Built
  Build Status   : ✔ SUCCESS
  Log            : /home/kaveripk/Caribou/results/hpl/329/run.out
───────────────────────────────────────────────────────
  Iteration 1 (threads=1)
  Metric               Value
  ───────────────────────────
  N                    16000
  NB                     192
  P                        2
  Q                        2
  time               27.0000
  gflops            101.1300
  status            ✔ PASSED
  ───────────────────────────
  Iteration 2 (threads=1)
  Metric               Value
  ───────────────────────────
  N                    16000
  NB                     192
  P                        2
  Q                        2
  time               30.6100
  gflops             89.2310
  status            ✔ PASSED
  ───────────────────────────
=======================================================
